<?xml version="1.0" encoding="UTF-8"?>
<!-- Generated by org.testng.reporters.JUnitXMLReporter -->
<testsuite ignored="0" hostname="DESKTOP-UKNGCC3" failures="0" tests="3" name="Registration User Test" time="17.164" errors="0" timestamp="2025-09-21T18:12:11 WIB">
  <testcase classname="com.juaracoding.traveltest.AppTest" name="registerUserTest" time="0.6"/>
  <testcase classname="com.juaracoding.traveltest.AppTest" name="selectRandomCountryTest" time="1.353"/>
  <testcase classname="com.juaracoding.traveltest.AppTest" name="userInformationTest" time="1.559"/>
</testsuite> <!-- Registration User Test -->
