<?xml version="1.0" encoding="UTF-8"?>
<testng-results ignored="0" total="3" passed="3" failed="0" skipped="0">
  <reporter-output>
  </reporter-output>
  <suite started-at="2025-09-21T18:11:54 WIB" name="Travel Test" finished-at="2025-09-21T18:12:11 WIB" duration-ms="17164">
    <groups>
    </groups>
    <test started-at="2025-09-21T18:11:54 WIB" name="Registration User Test" finished-at="2025-09-21T18:12:11 WIB" duration-ms="17164">
      <class name="com.juaracoding.traveltest.AppTest">
        <test-method is-config="true" signature="setup()[pri:0, instance:com.juaracoding.traveltest.AppTest@441772e]" started-at="2025-09-21T18:11:54 WIB" name="setup" finished-at="2025-09-21T18:12:03 WIB" duration-ms="9329" status="PASS">
          <reporter-output>
          </reporter-output>
        </test-method> <!-- setup -->
        <test-method signature="registerUserTest()[pri:0, instance:com.juaracoding.traveltest.AppTest@441772e]" started-at="2025-09-21T18:12:03 WIB" name="registerUserTest" finished-at="2025-09-21T18:12:04 WIB" duration-ms="600" status="PASS">
          <reporter-output>
          </reporter-output>
        </test-method> <!-- registerUserTest -->
        <test-method signature="selectRandomCountryTest()[pri:0, instance:com.juaracoding.traveltest.AppTest@441772e]" started-at="2025-09-21T18:12:04 WIB" name="selectRandomCountryTest" finished-at="2025-09-21T18:12:05 WIB" duration-ms="1353" status="PASS">
          <reporter-output>
          </reporter-output>
        </test-method> <!-- selectRandomCountryTest -->
        <test-method signature="userInformationTest()[pri:0, instance:com.juaracoding.traveltest.AppTest@441772e]" started-at="2025-09-21T18:12:05 WIB" name="userInformationTest" finished-at="2025-09-21T18:12:07 WIB" duration-ms="1559" status="PASS">
          <reporter-output>
          </reporter-output>
        </test-method> <!-- userInformationTest -->
        <test-method is-config="true" signature="teardown()[pri:0, instance:com.juaracoding.traveltest.AppTest@441772e]" started-at="2025-09-21T18:12:07 WIB" name="teardown" finished-at="2025-09-21T18:12:11 WIB" duration-ms="4274" status="PASS">
          <reporter-output>
          </reporter-output>
        </test-method> <!-- teardown -->
      </class> <!-- com.juaracoding.traveltest.AppTest -->
    </test> <!-- Registration User Test -->
  </suite> <!-- Travel Test -->
</testng-results>
